<?xml version="1.0" encoding="UTF-8"?>
<!-- Generated by org.testng.reporters.JUnitReportReporter -->
<testsuite hostname="DESKTOP-J4SRGEC" failures="0" tests="2" name="herokuapplogin.login" time="29.385" errors="0" timestamp="2024-07-09T22:44:10 IST" skipped="0">
  <testcase classname="herokuapplogin.login" name="test1" time="13.455"/>
  <system-out/>
  <testcase classname="herokuapplogin.login" name="test2" time="15.930"/>
  <system-out/>
</testsuite> <!-- herokuapplogin.login -->
